<?xml version="1.0" encoding="UTF-8"?>
<!-- Generated by org.testng.reporters.JUnitXMLReporter -->
<testsuite ignored="0" hostname="DESKTOP-14N1F2H" failures="0" tests="2" name="chromeTest" time="0.629" errors="0" timestamp="2023-09-13T21:17:06 EDT">
  <testcase classname="testNGPractice.Parameterization" name="@BeforeTest setup" time="0.623">
    <failure type="java.lang.NullPointerException" message="Cannot invoke &amp;quot;org.openqa.selenium.WebDriver.get(String)&amp;quot; because &amp;quot;this.driver&amp;quot; is null">
      <![CDATA[java.lang.NullPointerException: Cannot invoke "org.openqa.selenium.WebDriver.get(String)" because "this.driver" is null
at testNGPractice.Parameterization.setup(Parameterization.java:55)
... Removed 24 stack frames]]>
    </failure>
  </testcase> <!-- @BeforeTest setup -->
  <testcase classname="testNGPractice.Parameterization" name="@AfterClass teardown" time="-1.694654226704E9">
    <skipped/>
  </testcase> <!-- @AfterClass teardown -->
  <testcase classname="testNGPractice.Parameterization" name="logoTest" time="0.0">
    <skipped/>
  </testcase> <!-- logoTest -->
  <testcase classname="testNGPractice.Parameterization" name="Title" time="0.0">
    <skipped/>
  </testcase> <!-- Title -->
</testsuite> <!-- chromeTest -->
